<?xml version="1.0" encoding="UTF-8"?>
<testsuite name="com.example.demotransaction.DemoTransactionalWithLongLifeMethodsTests" tests="2" skipped="0" failures="0" errors="0" timestamp="2021-01-13T18:53:50" hostname="USER004379" time="10.506">
  <properties/>
  <testcase name="transactional_long_life_methods()" classname="com.example.demotransaction.DemoTransactionalWithLongLifeMethodsTests" time="10.284"/>
  <testcase name="default_transactional_long_life_methods()" classname="com.example.demotransaction.DemoTransactionalWithLongLifeMethodsTests" time="0.219"/>
  <system-out><![CDATA[22:53:22.865 [Test worker] DEBUG org.springframework.test.context.BootstrapUtils - Instantiating CacheAwareContextLoaderDelegate from class [org.springframework.test.context.cache.DefaultCacheAwareContextLoaderDelegate]
22:53:22.946 [Test worker] DEBUG org.springframework.test.context.BootstrapUtils - Instantiating BootstrapContext using constructor [public org.springframework.test.context.support.DefaultBootstrapContext(java.lang.Class,org.springframework.test.context.CacheAwareContextLoaderDelegate)]
22:53:23.156 [Test worker] DEBUG org.springframework.test.context.BootstrapUtils - Instantiating TestContextBootstrapper for test class [com.example.demotransaction.DemoTransactionalWithLongLifeMethodsTests] from class [org.springframework.boot.test.context.SpringBootTestContextBootstrapper]
22:53:23.197 [Test worker] INFO org.springframework.boot.test.context.SpringBootTestContextBootstrapper - Neither @ContextConfiguration nor @ContextHierarchy found for test class [com.example.demotransaction.DemoTransactionalWithLongLifeMethodsTests], using SpringBootContextLoader
22:53:23.209 [Test worker] DEBUG org.springframework.test.context.support.AbstractContextLoader - Did not detect default resource location for test class [com.example.demotransaction.DemoTransactionalWithLongLifeMethodsTests]: class path resource [com/example/demotransaction/DemoTransactionalWithLongLifeMethodsTests-context.xml] does not exist
22:53:23.210 [Test worker] DEBUG org.springframework.test.context.support.AbstractContextLoader - Did not detect default resource location for test class [com.example.demotransaction.DemoTransactionalWithLongLifeMethodsTests]: class path resource [com/example/demotransaction/DemoTransactionalWithLongLifeMethodsTestsContext.groovy] does not exist
22:53:23.210 [Test worker] INFO org.springframework.test.context.support.AbstractContextLoader - Could not detect default resource locations for test class [com.example.demotransaction.DemoTransactionalWithLongLifeMethodsTests]: no resource found for suffixes {-context.xml, Context.groovy}.
22:53:23.211 [Test worker] INFO org.springframework.test.context.support.AnnotationConfigContextLoaderUtils - Could not detect default configuration classes for test class [com.example.demotransaction.DemoTransactionalWithLongLifeMethodsTests]: DemoTransactionalWithLongLifeMethodsTests does not declare any static, non-private, non-final, nested classes annotated with @Configuration.
22:53:23.335 [Test worker] DEBUG org.springframework.test.context.support.ActiveProfilesUtils - Could not find an 'annotation declaring class' for annotation type [org.springframework.test.context.ActiveProfiles] and class [com.example.demotransaction.DemoTransactionalWithLongLifeMethodsTests]
22:53:23.765 [Test worker] DEBUG org.springframework.context.annotation.ClassPathScanningCandidateComponentProvider - Identified candidate component class: file [C:\Users\004379\Documents\example\demo-transaction\build\classes\java\main\com\example\demotransaction\DemoTransactionApplication.class]
22:53:23.767 [Test worker] INFO org.springframework.boot.test.context.SpringBootTestContextBootstrapper - Found @SpringBootConfiguration com.example.demotransaction.DemoTransactionApplication for test class com.example.demotransaction.DemoTransactionalWithLongLifeMethodsTests
22:53:24.025 [Test worker] DEBUG org.springframework.boot.test.context.SpringBootTestContextBootstrapper - @TestExecutionListeners is not present for class [com.example.demotransaction.DemoTransactionalWithLongLifeMethodsTests]: using defaults.
22:53:24.026 [Test worker] INFO org.springframework.boot.test.context.SpringBootTestContextBootstrapper - Loaded default TestExecutionListener class names from location [META-INF/spring.factories]: [org.springframework.boot.test.autoconfigure.restdocs.RestDocsTestExecutionListener, org.springframework.boot.test.autoconfigure.web.client.MockRestServiceServerResetTestExecutionListener, org.springframework.boot.test.autoconfigure.web.servlet.MockMvcPrintOnlyOnFailureTestExecutionListener, org.springframework.boot.test.autoconfigure.web.servlet.WebDriverTestExecutionListener, org.springframework.boot.test.autoconfigure.webservices.client.MockWebServiceServerTestExecutionListener, org.springframework.boot.test.mock.mockito.MockitoTestExecutionListener, org.springframework.boot.test.mock.mockito.ResetMocksTestExecutionListener, org.springframework.test.context.web.ServletTestExecutionListener, org.springframework.test.context.support.DirtiesContextBeforeModesTestExecutionListener, org.springframework.test.context.support.DependencyInjectionTestExecutionListener, org.springframework.test.context.support.DirtiesContextTestExecutionListener, org.springframework.test.context.transaction.TransactionalTestExecutionListener, org.springframework.test.context.jdbc.SqlScriptsTestExecutionListener, org.springframework.test.context.event.EventPublishingTestExecutionListener]
22:53:24.233 [Test worker] INFO org.springframework.boot.test.context.SpringBootTestContextBootstrapper - Using TestExecutionListeners: [org.springframework.test.context.web.ServletTestExecutionListener@54336d26, org.springframework.test.context.support.DirtiesContextBeforeModesTestExecutionListener@2d453ba3, org.springframework.boot.test.mock.mockito.MockitoTestExecutionListener@2e06c36f, org.springframework.boot.test.autoconfigure.SpringBootDependencyInjectionTestExecutionListener@178ad3f, org.springframework.test.context.support.DirtiesContextTestExecutionListener@4eedaa6b, org.springframework.test.context.transaction.TransactionalTestExecutionListener@4a710836, org.springframework.test.context.jdbc.SqlScriptsTestExecutionListener@5274b7ac, org.springframework.test.context.event.EventPublishingTestExecutionListener@16a1e988, org.springframework.boot.test.autoconfigure.restdocs.RestDocsTestExecutionListener@35bca7c5, org.springframework.boot.test.autoconfigure.web.client.MockRestServiceServerResetTestExecutionListener@77ce39fc, org.springframework.boot.test.autoconfigure.web.servlet.MockMvcPrintOnlyOnFailureTestExecutionListener@70397e, org.springframework.boot.test.autoconfigure.web.servlet.WebDriverTestExecutionListener@19846d51, org.springframework.boot.test.autoconfigure.webservices.client.MockWebServiceServerTestExecutionListener@4956732b, org.springframework.boot.test.mock.mockito.ResetMocksTestExecutionListener@4fd1b224]
22:53:24.243 [Test worker] DEBUG org.springframework.test.context.support.AbstractDirtiesContextTestExecutionListener - Before test class: context [DefaultTestContext@220256d5 testClass = DemoTransactionalWithLongLifeMethodsTests, testInstance = [null], testMethod = [null], testException = [null], mergedContextConfiguration = [WebMergedContextConfiguration@95492ae testClass = DemoTransactionalWithLongLifeMethodsTests, locations = '{}', classes = '{class com.example.demotransaction.DemoTransactionApplication}', contextInitializerClasses = '[]', activeProfiles = '{}', propertySourceLocations = '{}', propertySourceProperties = '{spring.datasource.hikari.maximum-pool-size=2, org.springframework.boot.test.context.SpringBootTestContextBootstrapper=true}', contextCustomizers = set[org.springframework.boot.test.autoconfigure.actuate.metrics.MetricsExportContextCustomizerFactory$DisableMetricExportContextCustomizer@2c736196, org.springframework.boot.test.autoconfigure.properties.PropertyMappingContextCustomizer@0, org.springframework.boot.test.autoconfigure.web.servlet.WebDriverContextCustomizerFactory$Customizer@234a6e2b, org.springframework.boot.test.context.filter.ExcludeFilterContextCustomizer@21a90678, org.springframework.boot.test.json.DuplicateJsonObjectContextCustomizerFactory$DuplicateJsonObjectContextCustomizer@4b460772, org.springframework.boot.test.mock.mockito.MockitoContextCustomizer@0, org.springframework.boot.test.web.client.TestRestTemplateContextCustomizer@388d13c8, org.springframework.boot.test.context.SpringBootTestArgs@1, org.springframework.boot.test.context.SpringBootTestWebEnvironment@7f02c58c], resourceBasePath = 'src/main/webapp', contextLoader = 'org.springframework.boot.test.context.SpringBootContextLoader', parent = [null]], attributes = map['org.springframework.test.context.web.ServletTestExecutionListener.activateListener' -> true]], class annotated with @DirtiesContext [false] with mode [null].
22:53:24.332 [Test worker] DEBUG org.springframework.test.context.support.TestPropertySourceUtils - Adding inlined properties to environment: {spring.jmx.enabled=false, spring.datasource.hikari.maximum-pool-size=2, org.springframework.boot.test.context.SpringBootTestContextBootstrapper=true}

  .   ____          _            __ _ _
 /\\ / ___'_ __ _ _(_)_ __  __ _ \ \ \ \
( ( )\___ | '_ | '_| | '_ \/ _` | \ \ \ \
 \\/  ___)| |_)| | | | | || (_| |  ) ) ) )
  '  |____| .__|_| |_|_| |_\__, | / / / /
 =========|_|==============|___/=/_/_/_/
 :: Spring Boot ::                (v2.4.1)

2021-01-13 22:53:25.474  INFO 20464 --- [    Test worker] emoTransactionalWithLongLifeMethodsTests : Starting DemoTransactionalWithLongLifeMethodsTests using Java 1.8.0_261 on User004379 with PID 20464 (started by 004379 in C:\Users\004379\Documents\example\demo-transaction)
2021-01-13 22:53:25.479  INFO 20464 --- [    Test worker] emoTransactionalWithLongLifeMethodsTests : No active profile set, falling back to default profiles: default
2021-01-13 22:53:28.787  INFO 20464 --- [    Test worker] .s.d.r.c.RepositoryConfigurationDelegate : Bootstrapping Spring Data JPA repositories in DEFAULT mode.
2021-01-13 22:53:29.014  INFO 20464 --- [    Test worker] .s.d.r.c.RepositoryConfigurationDelegate : Finished Spring Data repository scanning in 203 ms. Found 4 JPA repository interfaces.
2021-01-13 22:53:31.796  INFO 20464 --- [    Test worker] com.zaxxer.hikari.HikariDataSource       : HikariPool-1 - Starting...
2021-01-13 22:53:32.783  INFO 20464 --- [    Test worker] com.zaxxer.hikari.HikariDataSource       : HikariPool-1 - Start completed.
2021-01-13 22:53:33.172  INFO 20464 --- [    Test worker] o.hibernate.jpa.internal.util.LogHelper  : HHH000204: Processing PersistenceUnitInfo [name: default]
2021-01-13 22:53:33.437  INFO 20464 --- [    Test worker] org.hibernate.Version                    : HHH000412: Hibernate ORM core version 5.4.25.Final
2021-01-13 22:53:34.054  INFO 20464 --- [    Test worker] o.hibernate.annotations.common.Version   : HCANN000001: Hibernate Commons Annotations {5.1.2.Final}
2021-01-13 22:53:34.742  INFO 20464 --- [    Test worker] org.hibernate.dialect.Dialect            : HHH000400: Using dialect: org.hibernate.dialect.H2Dialect
Hibernate: drop table if exists book CASCADE 
Hibernate: drop table if exists school CASCADE 
Hibernate: drop table if exists student CASCADE 
Hibernate: drop sequence if exists hibernate_sequence
Hibernate: create sequence hibernate_sequence start with 1 increment by 1
Hibernate: create table book (id integer not null, name varchar(255), student_id integer, primary key (id))
Hibernate: create table school (id integer not null, location varchar(255), name varchar(255), primary key (id))
Hibernate: create table student (id integer not null, count integer, name varchar(255), status boolean, primary key (id))
Hibernate: alter table book add constraint FK8ik6mo7lcgguka7gglqr88in1 foreign key (student_id) references student
2021-01-13 22:53:38.177  INFO 20464 --- [    Test worker] o.h.e.t.j.p.i.JtaPlatformInitiator       : HHH000490: Using JtaPlatform implementation: [org.hibernate.engine.transaction.jta.platform.internal.NoJtaPlatform]
2021-01-13 22:53:38.416  INFO 20464 --- [    Test worker] j.LocalContainerEntityManagerFactoryBean : Initialized JPA EntityManagerFactory for persistence unit 'default'
2021-01-13 22:53:41.230  INFO 20464 --- [    Test worker] o.s.s.concurrent.ThreadPoolTaskExecutor  : Initializing ExecutorService
2021-01-13 22:53:41.310  INFO 20464 --- [    Test worker] o.s.s.concurrent.ThreadPoolTaskExecutor  : Initializing ExecutorService 'taskExecutor'
2021-01-13 22:53:43.423  WARN 20464 --- [    Test worker] JpaBaseConfiguration$JpaWebConfiguration : spring.jpa.open-in-view is enabled by default. Therefore, database queries may be performed during view rendering. Explicitly configure spring.jpa.open-in-view to disable this warning
2021-01-13 22:53:50.622  INFO 20464 --- [    Test worker] emoTransactionalWithLongLifeMethodsTests : Started DemoTransactionalWithLongLifeMethodsTests in 26.27 seconds (JVM running for 31.99)
initial create of student list: 
Hibernate: select student0_.id as id1_2_, student0_.count as count2_2_, student0_.name as name3_2_, student0_.status as status4_2_ from student student0_
Hibernate: select student0_.id as id1_2_, student0_.count as count2_2_, student0_.name as name3_2_, student0_.status as status4_2_ from student student0_ where student0_.id in (? , ? , ? , ? , ?)
Hibernate: select student0_.id as id1_2_, student0_.count as count2_2_, student0_.name as name3_2_, student0_.status as status4_2_ from student student0_ where student0_.id in (? , ? , ? , ? , ?)
Hibernate: select student0_.id as id1_2_, student0_.count as count2_2_, student0_.name as name3_2_, student0_.status as status4_2_ from student student0_ where student0_.id in (? , ? , ? , ? , ?)
Hibernate: select student0_.id as id1_2_, student0_.count as count2_2_, student0_.name as name3_2_, student0_.status as status4_2_ from student student0_ where student0_.id in (? , ? , ? , ? , ?)
initial create of student list: 
Hibernate: select student0_.id as id1_2_, student0_.count as count2_2_, student0_.name as name3_2_, student0_.status as status4_2_ from student student0_
]]></system-out>
  <system-err><![CDATA[filter1: 2
filter1: 1
EasyMethod list can be started! Bu it will not because transactional blocked sessions.
It will wait end of future methods to unblock session.
filter1: 3
filter1: 4
EasyMethod done
filter1: 1
filter1: 4
filter1: 3
filter1: 2
It will done immediatly. Will not wait end of future methods.
EasyMethod done
]]></system-err>
</testsuite>
