<?xml version="1.0" encoding="UTF-8"?>
<testsuite name="com.example.demotransaction.DemoJpaAccessStrategyTests" tests="4" skipped="0" failures="0" errors="0" timestamp="2021-01-13T18:53:48" hostname="USER004379" time="1.359">
  <properties/>
  <testcase name="FieldBase_JPA_annotation_uses_fields()" classname="com.example.demotransaction.DemoJpaAccessStrategyTests" time="1.058"/>
  <testcase name="LazyLoading_will_work_with_transactional()" classname="com.example.demotransaction.DemoJpaAccessStrategyTests" time="0.092"/>
  <testcase name="tPropertyBase_JPA_annotation_uses_accessors()" classname="com.example.demotransaction.DemoJpaAccessStrategyTests" time="0.016"/>
  <testcase name="default_LazyLoading_will_not_work()" classname="com.example.demotransaction.DemoJpaAccessStrategyTests" time="0.021"/>
  <system-out><![CDATA[22:53:22.433 [Test worker] DEBUG org.springframework.test.context.BootstrapUtils - Instantiating CacheAwareContextLoaderDelegate from class [org.springframework.test.context.cache.DefaultCacheAwareContextLoaderDelegate]
22:53:22.470 [Test worker] DEBUG org.springframework.test.context.BootstrapUtils - Instantiating BootstrapContext using constructor [public org.springframework.test.context.support.DefaultBootstrapContext(java.lang.Class,org.springframework.test.context.CacheAwareContextLoaderDelegate)]
22:53:22.556 [Test worker] DEBUG org.springframework.test.context.BootstrapUtils - Instantiating TestContextBootstrapper for test class [com.example.demotransaction.DemoJpaAccessStrategyTests] from class [org.springframework.boot.test.context.SpringBootTestContextBootstrapper]
22:53:22.590 [Test worker] INFO org.springframework.boot.test.context.SpringBootTestContextBootstrapper - Neither @ContextConfiguration nor @ContextHierarchy found for test class [com.example.demotransaction.DemoJpaAccessStrategyTests], using SpringBootContextLoader
22:53:22.612 [Test worker] DEBUG org.springframework.test.context.support.AbstractContextLoader - Did not detect default resource location for test class [com.example.demotransaction.DemoJpaAccessStrategyTests]: class path resource [com/example/demotransaction/DemoJpaAccessStrategyTests-context.xml] does not exist
22:53:22.614 [Test worker] DEBUG org.springframework.test.context.support.AbstractContextLoader - Did not detect default resource location for test class [com.example.demotransaction.DemoJpaAccessStrategyTests]: class path resource [com/example/demotransaction/DemoJpaAccessStrategyTestsContext.groovy] does not exist
22:53:22.615 [Test worker] INFO org.springframework.test.context.support.AbstractContextLoader - Could not detect default resource locations for test class [com.example.demotransaction.DemoJpaAccessStrategyTests]: no resource found for suffixes {-context.xml, Context.groovy}.
22:53:22.617 [Test worker] INFO org.springframework.test.context.support.AnnotationConfigContextLoaderUtils - Could not detect default configuration classes for test class [com.example.demotransaction.DemoJpaAccessStrategyTests]: DemoJpaAccessStrategyTests does not declare any static, non-private, non-final, nested classes annotated with @Configuration.
22:53:22.834 [Test worker] DEBUG org.springframework.test.context.support.ActiveProfilesUtils - Could not find an 'annotation declaring class' for annotation type [org.springframework.test.context.ActiveProfiles] and class [com.example.demotransaction.DemoJpaAccessStrategyTests]
22:53:23.257 [Test worker] DEBUG org.springframework.context.annotation.ClassPathScanningCandidateComponentProvider - Identified candidate component class: file [C:\Users\004379\Documents\example\demo-transaction\build\classes\java\main\com\example\demotransaction\DemoTransactionApplication.class]
22:53:23.260 [Test worker] INFO org.springframework.boot.test.context.SpringBootTestContextBootstrapper - Found @SpringBootConfiguration com.example.demotransaction.DemoTransactionApplication for test class com.example.demotransaction.DemoJpaAccessStrategyTests
22:53:23.768 [Test worker] DEBUG org.springframework.boot.test.context.SpringBootTestContextBootstrapper - @TestExecutionListeners is not present for class [com.example.demotransaction.DemoJpaAccessStrategyTests]: using defaults.
22:53:23.770 [Test worker] INFO org.springframework.boot.test.context.SpringBootTestContextBootstrapper - Loaded default TestExecutionListener class names from location [META-INF/spring.factories]: [org.springframework.boot.test.autoconfigure.restdocs.RestDocsTestExecutionListener, org.springframework.boot.test.autoconfigure.web.client.MockRestServiceServerResetTestExecutionListener, org.springframework.boot.test.autoconfigure.web.servlet.MockMvcPrintOnlyOnFailureTestExecutionListener, org.springframework.boot.test.autoconfigure.web.servlet.WebDriverTestExecutionListener, org.springframework.boot.test.autoconfigure.webservices.client.MockWebServiceServerTestExecutionListener, org.springframework.boot.test.mock.mockito.MockitoTestExecutionListener, org.springframework.boot.test.mock.mockito.ResetMocksTestExecutionListener, org.springframework.test.context.web.ServletTestExecutionListener, org.springframework.test.context.support.DirtiesContextBeforeModesTestExecutionListener, org.springframework.test.context.support.DependencyInjectionTestExecutionListener, org.springframework.test.context.support.DirtiesContextTestExecutionListener, org.springframework.test.context.transaction.TransactionalTestExecutionListener, org.springframework.test.context.jdbc.SqlScriptsTestExecutionListener, org.springframework.test.context.event.EventPublishingTestExecutionListener]
22:53:23.818 [Test worker] INFO org.springframework.boot.test.context.SpringBootTestContextBootstrapper - Using TestExecutionListeners: [org.springframework.test.context.web.ServletTestExecutionListener@6ad5adae, org.springframework.test.context.support.DirtiesContextBeforeModesTestExecutionListener@2e1e740d, org.springframework.boot.test.mock.mockito.MockitoTestExecutionListener@565890b0, org.springframework.boot.test.autoconfigure.SpringBootDependencyInjectionTestExecutionListener@203102fb, org.springframework.test.context.support.DirtiesContextTestExecutionListener@67ce738e, org.springframework.test.context.transaction.TransactionalTestExecutionListener@3aadcd66, org.springframework.test.context.jdbc.SqlScriptsTestExecutionListener@28e20793, org.springframework.test.context.event.EventPublishingTestExecutionListener@eceeae, org.springframework.boot.test.autoconfigure.restdocs.RestDocsTestExecutionListener@142aaf3e, org.springframework.boot.test.autoconfigure.web.client.MockRestServiceServerResetTestExecutionListener@40b89620, org.springframework.boot.test.autoconfigure.web.servlet.MockMvcPrintOnlyOnFailureTestExecutionListener@78dedf3b, org.springframework.boot.test.autoconfigure.web.servlet.WebDriverTestExecutionListener@1fa0c710, org.springframework.boot.test.autoconfigure.webservices.client.MockWebServiceServerTestExecutionListener@5eb2c885, org.springframework.boot.test.mock.mockito.ResetMocksTestExecutionListener@5a3f5ce5]
22:53:23.827 [Test worker] DEBUG org.springframework.test.context.support.AbstractDirtiesContextTestExecutionListener - Before test class: context [DefaultTestContext@5274b7ac testClass = DemoJpaAccessStrategyTests, testInstance = [null], testMethod = [null], testException = [null], mergedContextConfiguration = [WebMergedContextConfiguration@16a1e988 testClass = DemoJpaAccessStrategyTests, locations = '{}', classes = '{class com.example.demotransaction.DemoTransactionApplication}', contextInitializerClasses = '[]', activeProfiles = '{}', propertySourceLocations = '{}', propertySourceProperties = '{org.springframework.boot.test.context.SpringBootTestContextBootstrapper=true}', contextCustomizers = set[org.springframework.boot.test.autoconfigure.actuate.metrics.MetricsExportContextCustomizerFactory$DisableMetricExportContextCustomizer@2bcd33fe, org.springframework.boot.test.autoconfigure.properties.PropertyMappingContextCustomizer@0, org.springframework.boot.test.autoconfigure.web.servlet.WebDriverContextCustomizerFactory$Customizer@50472ef8, org.springframework.boot.test.context.filter.ExcludeFilterContextCustomizer@566bd4f1, org.springframework.boot.test.json.DuplicateJsonObjectContextCustomizerFactory$DuplicateJsonObjectContextCustomizer@e3d4467, org.springframework.boot.test.mock.mockito.MockitoContextCustomizer@0, org.springframework.boot.test.web.client.TestRestTemplateContextCustomizer@766b9163, org.springframework.boot.test.context.SpringBootTestArgs@1, org.springframework.boot.test.context.SpringBootTestWebEnvironment@6ca22f98], resourceBasePath = 'src/main/webapp', contextLoader = 'org.springframework.boot.test.context.SpringBootContextLoader', parent = [null]], attributes = map['org.springframework.test.context.web.ServletTestExecutionListener.activateListener' -> true]], class annotated with @DirtiesContext [false] with mode [null].
22:53:23.905 [Test worker] DEBUG org.springframework.test.context.support.TestPropertySourceUtils - Adding inlined properties to environment: {spring.jmx.enabled=false, org.springframework.boot.test.context.SpringBootTestContextBootstrapper=true}

  .   ____          _            __ _ _
 /\\ / ___'_ __ _ _(_)_ __  __ _ \ \ \ \
( ( )\___ | '_ | '_| | '_ \/ _` | \ \ \ \
 \\/  ___)| |_)| | | | | || (_| |  ) ) ) )
  '  |____| .__|_| |_|_| |_\__, | / / / /
 =========|_|==============|___/=/_/_/_/
 :: Spring Boot ::                (v2.4.1)

2021-01-13 22:53:24.972  INFO 31484 --- [    Test worker] c.e.d.DemoJpaAccessStrategyTests         : Starting DemoJpaAccessStrategyTests using Java 1.8.0_261 on User004379 with PID 31484 (started by 004379 in C:\Users\004379\Documents\example\demo-transaction)
2021-01-13 22:53:24.978  INFO 31484 --- [    Test worker] c.e.d.DemoJpaAccessStrategyTests         : No active profile set, falling back to default profiles: default
2021-01-13 22:53:28.400  INFO 31484 --- [    Test worker] .s.d.r.c.RepositoryConfigurationDelegate : Bootstrapping Spring Data JPA repositories in DEFAULT mode.
2021-01-13 22:53:28.635  INFO 31484 --- [    Test worker] .s.d.r.c.RepositoryConfigurationDelegate : Finished Spring Data repository scanning in 201 ms. Found 4 JPA repository interfaces.
2021-01-13 22:53:31.599  INFO 31484 --- [    Test worker] com.zaxxer.hikari.HikariDataSource       : HikariPool-1 - Starting...
2021-01-13 22:53:32.507  INFO 31484 --- [    Test worker] com.zaxxer.hikari.HikariDataSource       : HikariPool-1 - Start completed.
2021-01-13 22:53:32.754  INFO 31484 --- [    Test worker] o.hibernate.jpa.internal.util.LogHelper  : HHH000204: Processing PersistenceUnitInfo [name: default]
2021-01-13 22:53:33.130  INFO 31484 --- [    Test worker] org.hibernate.Version                    : HHH000412: Hibernate ORM core version 5.4.25.Final
2021-01-13 22:53:33.735  INFO 31484 --- [    Test worker] o.hibernate.annotations.common.Version   : HCANN000001: Hibernate Commons Annotations {5.1.2.Final}
2021-01-13 22:53:34.537  INFO 31484 --- [    Test worker] org.hibernate.dialect.Dialect            : HHH000400: Using dialect: org.hibernate.dialect.H2Dialect
Hibernate: drop table if exists book CASCADE 
Hibernate: drop table if exists school CASCADE 
Hibernate: drop table if exists student CASCADE 
Hibernate: drop sequence if exists hibernate_sequence
Hibernate: create sequence hibernate_sequence start with 1 increment by 1
Hibernate: create table book (id integer not null, name varchar(255), student_id integer, primary key (id))
Hibernate: create table school (id integer not null, location varchar(255), name varchar(255), primary key (id))
Hibernate: create table student (id integer not null, count integer, name varchar(255), status boolean, primary key (id))
Hibernate: alter table book add constraint FK8ik6mo7lcgguka7gglqr88in1 foreign key (student_id) references student
2021-01-13 22:53:37.893  INFO 31484 --- [    Test worker] o.h.e.t.j.p.i.JtaPlatformInitiator       : HHH000490: Using JtaPlatform implementation: [org.hibernate.engine.transaction.jta.platform.internal.NoJtaPlatform]
2021-01-13 22:53:37.931  INFO 31484 --- [    Test worker] j.LocalContainerEntityManagerFactoryBean : Initialized JPA EntityManagerFactory for persistence unit 'default'
2021-01-13 22:53:41.336  INFO 31484 --- [    Test worker] o.s.s.concurrent.ThreadPoolTaskExecutor  : Initializing ExecutorService
2021-01-13 22:53:41.379  INFO 31484 --- [    Test worker] o.s.s.concurrent.ThreadPoolTaskExecutor  : Initializing ExecutorService 'taskExecutor'
2021-01-13 22:53:43.609  WARN 31484 --- [    Test worker] JpaBaseConfiguration$JpaWebConfiguration : spring.jpa.open-in-view is enabled by default. Therefore, database queries may be performed during view rendering. Explicitly configure spring.jpa.open-in-view to disable this warning
2021-01-13 22:53:48.570  INFO 31484 --- [    Test worker] c.e.d.DemoJpaAccessStrategyTests         : Started DemoJpaAccessStrategyTests in 24.65 seconds (JVM running for 30.012)
Hibernate: select schoolfiel0_.id as id1_1_0_, schoolfiel0_.location as location2_1_0_, schoolfiel0_.name as name3_1_0_ from school schoolfiel0_ where schoolfiel0_.id=?
2021-01-13 22:53:49.701  INFO 31484 --- [    Test worker] o.s.t.c.transaction.TransactionContext   : Began transaction (1) for test context [DefaultTestContext@5274b7ac testClass = DemoJpaAccessStrategyTests, testInstance = com.example.demotransaction.DemoJpaAccessStrategyTests@6ba8a483, testMethod = LazyLoading_will_work_with_transactional@DemoJpaAccessStrategyTests, testException = [null], mergedContextConfiguration = [WebMergedContextConfiguration@16a1e988 testClass = DemoJpaAccessStrategyTests, locations = '{}', classes = '{class com.example.demotransaction.DemoTransactionApplication}', contextInitializerClasses = '[]', activeProfiles = '{}', propertySourceLocations = '{}', propertySourceProperties = '{org.springframework.boot.test.context.SpringBootTestContextBootstrapper=true}', contextCustomizers = set[org.springframework.boot.test.autoconfigure.actuate.metrics.MetricsExportContextCustomizerFactory$DisableMetricExportContextCustomizer@2bcd33fe, org.springframework.boot.test.autoconfigure.properties.PropertyMappingContextCustomizer@0, org.springframework.boot.test.autoconfigure.web.servlet.WebDriverContextCustomizerFactory$Customizer@50472ef8, org.springframework.boot.test.context.filter.ExcludeFilterContextCustomizer@566bd4f1, org.springframework.boot.test.json.DuplicateJsonObjectContextCustomizerFactory$DuplicateJsonObjectContextCustomizer@e3d4467, org.springframework.boot.test.mock.mockito.MockitoContextCustomizer@0, org.springframework.boot.test.web.client.TestRestTemplateContextCustomizer@766b9163, org.springframework.boot.test.context.SpringBootTestArgs@1, org.springframework.boot.test.context.SpringBootTestWebEnvironment@6ca22f98], resourceBasePath = 'src/main/webapp', contextLoader = 'org.springframework.boot.test.context.SpringBootContextLoader', parent = [null]], attributes = map['org.springframework.test.context.web.ServletTestExecutionListener.activateListener' -> true, 'org.springframework.test.context.web.ServletTestExecutionListener.populatedRequestContextHolder' -> true, 'org.springframework.test.context.web.ServletTestExecutionListener.resetRequestContextHolder' -> true]]; transaction manager [org.springframework.orm.jpa.JpaTransactionManager@2be4d5b9]; rollback [true]
Hibernate: select student0_.id as id1_2_0_, student0_.count as count2_2_0_, student0_.name as name3_2_0_, student0_.status as status4_2_0_ from student student0_ where student0_.id=?
Hibernate: select books0_.student_id as student_3_0_0_, books0_.id as id1_0_0_, books0_.id as id1_0_1_, books0_.name as name2_0_1_, books0_.student_id as student_3_0_1_ from book books0_ where books0_.student_id=?
2021-01-13 22:53:49.781  INFO 31484 --- [    Test worker] o.s.t.c.transaction.TransactionContext   : Rolled back transaction for test: [DefaultTestContext@5274b7ac testClass = DemoJpaAccessStrategyTests, testInstance = com.example.demotransaction.DemoJpaAccessStrategyTests@6ba8a483, testMethod = LazyLoading_will_work_with_transactional@DemoJpaAccessStrategyTests, testException = [null], mergedContextConfiguration = [WebMergedContextConfiguration@16a1e988 testClass = DemoJpaAccessStrategyTests, locations = '{}', classes = '{class com.example.demotransaction.DemoTransactionApplication}', contextInitializerClasses = '[]', activeProfiles = '{}', propertySourceLocations = '{}', propertySourceProperties = '{org.springframework.boot.test.context.SpringBootTestContextBootstrapper=true}', contextCustomizers = set[org.springframework.boot.test.autoconfigure.actuate.metrics.MetricsExportContextCustomizerFactory$DisableMetricExportContextCustomizer@2bcd33fe, org.springframework.boot.test.autoconfigure.properties.PropertyMappingContextCustomizer@0, org.springframework.boot.test.autoconfigure.web.servlet.WebDriverContextCustomizerFactory$Customizer@50472ef8, org.springframework.boot.test.context.filter.ExcludeFilterContextCustomizer@566bd4f1, org.springframework.boot.test.json.DuplicateJsonObjectContextCustomizerFactory$DuplicateJsonObjectContextCustomizer@e3d4467, org.springframework.boot.test.mock.mockito.MockitoContextCustomizer@0, org.springframework.boot.test.web.client.TestRestTemplateContextCustomizer@766b9163, org.springframework.boot.test.context.SpringBootTestArgs@1, org.springframework.boot.test.context.SpringBootTestWebEnvironment@6ca22f98], resourceBasePath = 'src/main/webapp', contextLoader = 'org.springframework.boot.test.context.SpringBootContextLoader', parent = [null]], attributes = map['org.springframework.test.context.web.ServletTestExecutionListener.activateListener' -> true, 'org.springframework.test.context.web.ServletTestExecutionListener.populatedRequestContextHolder' -> true, 'org.springframework.test.context.web.ServletTestExecutionListener.resetRequestContextHolder' -> true]]
Hibernate: select schoolprop0_.id as id1_1_0_, schoolprop0_.location as location2_1_0_, schoolprop0_.name as name3_1_0_ from school schoolprop0_ where schoolprop0_.id=?
Hibernate: select student0_.id as id1_2_0_, student0_.count as count2_2_0_, student0_.name as name3_2_0_, student0_.status as status4_2_0_ from student student0_ where student0_.id=?
]]></system-out>
  <system-err><![CDATA[::School [id=1, name=BDU, location=Baki]
Student [id=1, status=false, name=Rustem, count=0, books=[Book{id=1, name='Tarix 9', studentId=1}]]
::School [id=1, name=BDU-property, location=Baki-property]
1:Rustem
]]></system-err>
</testsuite>
